<?xml version="1.0" encoding="UTF-8"?>
<testng-results ignored="0" total="1" passed="1" failed="0" skipped="0">
  <reporter-output>
    <line>
      <![CDATA[Stock-000001179       Stock-000001179]]>
    </line>
    <line>
      <![CDATA[Customer-00000004422      Customer-00000004422]]>
    </line>
  </reporter-output>
  <suite started-at="2024-04-17T23:20:51 IST" name="Default suite" finished-at="2024-04-17T23:21:45 IST" duration-ms="54067">
    <groups>
    </groups>
    <test started-at="2024-04-17T23:20:51 IST" name="Default test" finished-at="2024-04-17T23:21:45 IST" duration-ms="54067">
      <class name="driverfactory.DriverScript">
        <test-method signature="starttest()[pri:0, instance:driverfactory.DriverScript@272113c4]" started-at="2024-04-17T23:20:51 IST" name="starttest" finished-at="2024-04-17T23:21:45 IST" duration-ms="54013" status="PASS">
          <reporter-output>
            <line>
              <![CDATA[Stock-000001179       Stock-000001179]]>
            </line>
            <line>
              <![CDATA[Customer-00000004422      Customer-00000004422]]>
            </line>
          </reporter-output>
        </test-method> <!-- starttest -->
      </class> <!-- driverfactory.DriverScript -->
    </test> <!-- Default test -->
  </suite> <!-- Default suite -->
</testng-results>
